0 info it worked if it ends with ok
1 verbose cli [ 'node', '/usr/local/bin/npm', 'install' ]
2 info using npm@1.4.28
3 info using node@v0.10.35
4 verbose readDependencies using package.json deps
5 verbose install where, deps [ '/Users/cait/Documents/UVU Spring 2015/RIA2/Node Assignment/EmployerTestApp',
5 verbose install   [ 'body-parser',
5 verbose install     'cookie-parser',
5 verbose install     'debug',
5 verbose install     'express',
5 verbose install     'jade',
5 verbose install     'morgan',
5 verbose install     'serve-favicon' ] ]
6 info preinstall EmployerTestApp@0.0.0
7 verbose readDependencies using package.json deps
8 verbose cache add [ 'body-parser@~1.10.2', null ]
9 verbose cache add name=undefined spec="body-parser@~1.10.2" args=["body-parser@~1.10.2",null]
10 verbose parsed url { protocol: null,
10 verbose parsed url   slashes: null,
10 verbose parsed url   auth: null,
10 verbose parsed url   host: null,
10 verbose parsed url   port: null,
10 verbose parsed url   hostname: null,
10 verbose parsed url   hash: null,
10 verbose parsed url   search: null,
10 verbose parsed url   query: null,
10 verbose parsed url   pathname: 'body-parser@~1.10.2',
10 verbose parsed url   path: 'body-parser@~1.10.2',
10 verbose parsed url   href: 'body-parser@~1.10.2' }
11 verbose cache add [ 'cookie-parser@~1.3.3', null ]
12 verbose cache add name=undefined spec="cookie-parser@~1.3.3" args=["cookie-parser@~1.3.3",null]
13 verbose parsed url { protocol: null,
13 verbose parsed url   slashes: null,
13 verbose parsed url   auth: null,
13 verbose parsed url   host: null,
13 verbose parsed url   port: null,
13 verbose parsed url   hostname: null,
13 verbose parsed url   hash: null,
13 verbose parsed url   search: null,
13 verbose parsed url   query: null,
13 verbose parsed url   pathname: 'cookie-parser@~1.3.3',
13 verbose parsed url   path: 'cookie-parser@~1.3.3',
13 verbose parsed url   href: 'cookie-parser@~1.3.3' }
14 verbose cache add [ 'debug@~2.1.1', null ]
15 verbose cache add name=undefined spec="debug@~2.1.1" args=["debug@~2.1.1",null]
16 verbose parsed url { protocol: null,
16 verbose parsed url   slashes: null,
16 verbose parsed url   auth: null,
16 verbose parsed url   host: null,
16 verbose parsed url   port: null,
16 verbose parsed url   hostname: null,
16 verbose parsed url   hash: null,
16 verbose parsed url   search: null,
16 verbose parsed url   query: null,
16 verbose parsed url   pathname: 'debug@~2.1.1',
16 verbose parsed url   path: 'debug@~2.1.1',
16 verbose parsed url   href: 'debug@~2.1.1' }
17 verbose cache add [ 'express@~4.11.1', null ]
18 verbose cache add name=undefined spec="express@~4.11.1" args=["express@~4.11.1",null]
19 verbose parsed url { protocol: null,
19 verbose parsed url   slashes: null,
19 verbose parsed url   auth: null,
19 verbose parsed url   host: null,
19 verbose parsed url   port: null,
19 verbose parsed url   hostname: null,
19 verbose parsed url   hash: null,
19 verbose parsed url   search: null,
19 verbose parsed url   query: null,
19 verbose parsed url   pathname: 'express@~4.11.1',
19 verbose parsed url   path: 'express@~4.11.1',
19 verbose parsed url   href: 'express@~4.11.1' }
20 verbose cache add name="body-parser" spec="~1.10.2" args=["body-parser","~1.10.2"]
21 verbose parsed url { protocol: null,
21 verbose parsed url   slashes: null,
21 verbose parsed url   auth: null,
21 verbose parsed url   host: null,
21 verbose parsed url   port: null,
21 verbose parsed url   hostname: null,
21 verbose parsed url   hash: null,
21 verbose parsed url   search: null,
21 verbose parsed url   query: null,
21 verbose parsed url   pathname: '~1.10.2',
21 verbose parsed url   path: '~1.10.2',
21 verbose parsed url   href: '~1.10.2' }
22 verbose addNamed [ 'body-parser', '~1.10.2' ]
23 verbose addNamed [ null, '>=1.10.2-0 <1.11.0-0' ]
24 verbose cache add name="cookie-parser" spec="~1.3.3" args=["cookie-parser","~1.3.3"]
25 verbose parsed url { protocol: null,
25 verbose parsed url   slashes: null,
25 verbose parsed url   auth: null,
25 verbose parsed url   host: null,
25 verbose parsed url   port: null,
25 verbose parsed url   hostname: null,
25 verbose parsed url   hash: null,
25 verbose parsed url   search: null,
25 verbose parsed url   query: null,
25 verbose parsed url   pathname: '~1.3.3',
25 verbose parsed url   path: '~1.3.3',
25 verbose parsed url   href: '~1.3.3' }
26 verbose addNamed [ 'cookie-parser', '~1.3.3' ]
27 verbose addNamed [ null, '>=1.3.3-0 <1.4.0-0' ]
28 verbose cache add name="debug" spec="~2.1.1" args=["debug","~2.1.1"]
29 verbose parsed url { protocol: null,
29 verbose parsed url   slashes: null,
29 verbose parsed url   auth: null,
29 verbose parsed url   host: null,
29 verbose parsed url   port: null,
29 verbose parsed url   hostname: null,
29 verbose parsed url   hash: null,
29 verbose parsed url   search: null,
29 verbose parsed url   query: null,
29 verbose parsed url   pathname: '~2.1.1',
29 verbose parsed url   path: '~2.1.1',
29 verbose parsed url   href: '~2.1.1' }
30 verbose addNamed [ 'debug', '~2.1.1' ]
31 verbose addNamed [ null, '>=2.1.1-0 <2.2.0-0' ]
32 verbose cache add [ 'jade@~1.9.1', null ]
33 verbose cache add name=undefined spec="jade@~1.9.1" args=["jade@~1.9.1",null]
34 verbose parsed url { protocol: null,
34 verbose parsed url   slashes: null,
34 verbose parsed url   auth: null,
34 verbose parsed url   host: null,
34 verbose parsed url   port: null,
34 verbose parsed url   hostname: null,
34 verbose parsed url   hash: null,
34 verbose parsed url   search: null,
34 verbose parsed url   query: null,
34 verbose parsed url   pathname: 'jade@~1.9.1',
34 verbose parsed url   path: 'jade@~1.9.1',
34 verbose parsed url   href: 'jade@~1.9.1' }
35 verbose cache add [ 'morgan@~1.5.1', null ]
36 verbose cache add name=undefined spec="morgan@~1.5.1" args=["morgan@~1.5.1",null]
37 verbose parsed url { protocol: null,
37 verbose parsed url   slashes: null,
37 verbose parsed url   auth: null,
37 verbose parsed url   host: null,
37 verbose parsed url   port: null,
37 verbose parsed url   hostname: null,
37 verbose parsed url   hash: null,
37 verbose parsed url   search: null,
37 verbose parsed url   query: null,
37 verbose parsed url   pathname: 'morgan@~1.5.1',
37 verbose parsed url   path: 'morgan@~1.5.1',
37 verbose parsed url   href: 'morgan@~1.5.1' }
38 verbose cache add name="express" spec="~4.11.1" args=["express","~4.11.1"]
39 verbose parsed url { protocol: null,
39 verbose parsed url   slashes: null,
39 verbose parsed url   auth: null,
39 verbose parsed url   host: null,
39 verbose parsed url   port: null,
39 verbose parsed url   hostname: null,
39 verbose parsed url   hash: null,
39 verbose parsed url   search: null,
39 verbose parsed url   query: null,
39 verbose parsed url   pathname: '~4.11.1',
39 verbose parsed url   path: '~4.11.1',
39 verbose parsed url   href: '~4.11.1' }
40 verbose addNamed [ 'express', '~4.11.1' ]
41 verbose addNamed [ null, '>=4.11.1-0 <4.12.0-0' ]
42 silly lockFile 72eb9479-body-parser-1-10-2 body-parser@~1.10.2
43 verbose lock body-parser@~1.10.2 /Users/cait/.npm/72eb9479-body-parser-1-10-2.lock
44 silly lockFile bf5babd8-cookie-parser-1-3-3 cookie-parser@~1.3.3
45 verbose lock cookie-parser@~1.3.3 /Users/cait/.npm/bf5babd8-cookie-parser-1-3-3.lock
46 silly lockFile 09d11068-debug-2-1-1 debug@~2.1.1
47 verbose lock debug@~2.1.1 /Users/cait/.npm/09d11068-debug-2-1-1.lock
48 silly lockFile 494d735c-express-4-11-1 express@~4.11.1
49 verbose lock express@~4.11.1 /Users/cait/.npm/494d735c-express-4-11-1.lock
50 verbose cache add name="jade" spec="~1.9.1" args=["jade","~1.9.1"]
51 verbose parsed url { protocol: null,
51 verbose parsed url   slashes: null,
51 verbose parsed url   auth: null,
51 verbose parsed url   host: null,
51 verbose parsed url   port: null,
51 verbose parsed url   hostname: null,
51 verbose parsed url   hash: null,
51 verbose parsed url   search: null,
51 verbose parsed url   query: null,
51 verbose parsed url   pathname: '~1.9.1',
51 verbose parsed url   path: '~1.9.1',
51 verbose parsed url   href: '~1.9.1' }
52 verbose addNamed [ 'jade', '~1.9.1' ]
53 verbose addNamed [ null, '>=1.9.1-0 <1.10.0-0' ]
54 silly lockFile 73eba92c-jade-1-9-1 jade@~1.9.1
55 verbose lock jade@~1.9.1 /Users/cait/.npm/73eba92c-jade-1-9-1.lock
56 verbose cache add [ 'serve-favicon@~2.2.0', null ]
57 verbose cache add name=undefined spec="serve-favicon@~2.2.0" args=["serve-favicon@~2.2.0",null]
58 verbose parsed url { protocol: null,
58 verbose parsed url   slashes: null,
58 verbose parsed url   auth: null,
58 verbose parsed url   host: null,
58 verbose parsed url   port: null,
58 verbose parsed url   hostname: null,
58 verbose parsed url   hash: null,
58 verbose parsed url   search: null,
58 verbose parsed url   query: null,
58 verbose parsed url   pathname: 'serve-favicon@~2.2.0',
58 verbose parsed url   path: 'serve-favicon@~2.2.0',
58 verbose parsed url   href: 'serve-favicon@~2.2.0' }
59 verbose cache add name="morgan" spec="~1.5.1" args=["morgan","~1.5.1"]
60 verbose parsed url { protocol: null,
60 verbose parsed url   slashes: null,
60 verbose parsed url   auth: null,
60 verbose parsed url   host: null,
60 verbose parsed url   port: null,
60 verbose parsed url   hostname: null,
60 verbose parsed url   hash: null,
60 verbose parsed url   search: null,
60 verbose parsed url   query: null,
60 verbose parsed url   pathname: '~1.5.1',
60 verbose parsed url   path: '~1.5.1',
60 verbose parsed url   href: '~1.5.1' }
61 verbose addNamed [ 'morgan', '~1.5.1' ]
62 verbose addNamed [ null, '>=1.5.1-0 <1.6.0-0' ]
63 silly lockFile 66ba047d-morgan-1-5-1 morgan@~1.5.1
64 verbose lock morgan@~1.5.1 /Users/cait/.npm/66ba047d-morgan-1-5-1.lock
65 verbose cache add name="serve-favicon" spec="~2.2.0" args=["serve-favicon","~2.2.0"]
66 verbose parsed url { protocol: null,
66 verbose parsed url   slashes: null,
66 verbose parsed url   auth: null,
66 verbose parsed url   host: null,
66 verbose parsed url   port: null,
66 verbose parsed url   hostname: null,
66 verbose parsed url   hash: null,
66 verbose parsed url   search: null,
66 verbose parsed url   query: null,
66 verbose parsed url   pathname: '~2.2.0',
66 verbose parsed url   path: '~2.2.0',
66 verbose parsed url   href: '~2.2.0' }
67 verbose addNamed [ 'serve-favicon', '~2.2.0' ]
68 verbose addNamed [ null, '>=2.2.0-0 <2.3.0-0' ]
69 silly lockFile 9df5bad7-serve-favicon-2-2-0 serve-favicon@~2.2.0
70 verbose lock serve-favicon@~2.2.0 /Users/cait/.npm/9df5bad7-serve-favicon-2-2-0.lock
71 silly addNameRange { name: 'cookie-parser',
71 silly addNameRange   range: '>=1.3.3-0 <1.4.0-0',
71 silly addNameRange   hasData: false }
72 silly addNameRange { name: 'body-parser',
72 silly addNameRange   range: '>=1.10.2-0 <1.11.0-0',
72 silly addNameRange   hasData: false }
73 silly addNameRange { name: 'express',
73 silly addNameRange   range: '>=4.11.1-0 <4.12.0-0',
73 silly addNameRange   hasData: false }
74 silly addNameRange { name: 'debug', range: '>=2.1.1-0 <2.2.0-0', hasData: false }
75 silly addNameRange { name: 'jade', range: '>=1.9.1-0 <1.10.0-0', hasData: false }
76 silly addNameRange { name: 'serve-favicon',
76 silly addNameRange   range: '>=2.2.0-0 <2.3.0-0',
76 silly addNameRange   hasData: false }
77 verbose request where is /cookie-parser
78 verbose request registry https://registry.npmjs.org/
79 verbose request id bb7c6b6831c15bd0
80 verbose url raw /cookie-parser
81 verbose url resolving [ 'https://registry.npmjs.org/', './cookie-parser' ]
82 verbose url resolved https://registry.npmjs.org/cookie-parser
83 verbose request where is https://registry.npmjs.org/cookie-parser
84 info trying registry request attempt 1 at 13:43:40
85 verbose etag "8W6SXDY3U40R9WKWLYB64BDGC"
86 http GET https://registry.npmjs.org/cookie-parser
87 verbose request where is /body-parser
88 verbose request registry https://registry.npmjs.org/
89 verbose url raw /body-parser
90 verbose url resolving [ 'https://registry.npmjs.org/', './body-parser' ]
91 verbose url resolved https://registry.npmjs.org/body-parser
92 verbose request where is https://registry.npmjs.org/body-parser
93 info trying registry request attempt 1 at 13:43:40
94 verbose etag "CQT1ETO6E37NGMZHIBHF79O2X"
95 http GET https://registry.npmjs.org/body-parser
96 verbose request where is /express
97 verbose request registry https://registry.npmjs.org/
98 verbose url raw /express
99 verbose url resolving [ 'https://registry.npmjs.org/', './express' ]
100 verbose url resolved https://registry.npmjs.org/express
101 verbose request where is https://registry.npmjs.org/express
102 info trying registry request attempt 1 at 13:43:40
103 verbose etag "9HONZ8DWC7905JTAN0YVG0WOZ"
104 http GET https://registry.npmjs.org/express
105 verbose request where is /debug
106 verbose request registry https://registry.npmjs.org/
107 verbose url raw /debug
108 verbose url resolving [ 'https://registry.npmjs.org/', './debug' ]
109 verbose url resolved https://registry.npmjs.org/debug
110 verbose request where is https://registry.npmjs.org/debug
111 info trying registry request attempt 1 at 13:43:40
112 verbose etag "BGMK2CYDPBSZ7I5L7YRPVWF50"
113 http GET https://registry.npmjs.org/debug
114 verbose request where is /serve-favicon
115 verbose request registry https://registry.npmjs.org/
116 verbose url raw /serve-favicon
117 verbose url resolving [ 'https://registry.npmjs.org/', './serve-favicon' ]
118 verbose url resolved https://registry.npmjs.org/serve-favicon
119 verbose request where is https://registry.npmjs.org/serve-favicon
120 info trying registry request attempt 1 at 13:43:40
121 verbose etag "CDLK9IBY3N37A8AEJ4HK60CJF"
122 http GET https://registry.npmjs.org/serve-favicon
123 silly addNameRange { name: 'morgan', range: '>=1.5.1-0 <1.6.0-0', hasData: false }
124 verbose request where is /jade
125 verbose request registry https://registry.npmjs.org/
126 verbose url raw /jade
127 verbose url resolving [ 'https://registry.npmjs.org/', './jade' ]
128 verbose url resolved https://registry.npmjs.org/jade
129 verbose request where is https://registry.npmjs.org/jade
130 info trying registry request attempt 1 at 13:43:40
131 verbose etag "3SZ5YK7HMV453UVD29XGLJT6Z"
132 http GET https://registry.npmjs.org/jade
133 verbose request where is /morgan
134 verbose request registry https://registry.npmjs.org/
135 verbose url raw /morgan
136 verbose url resolving [ 'https://registry.npmjs.org/', './morgan' ]
137 verbose url resolved https://registry.npmjs.org/morgan
138 verbose request where is https://registry.npmjs.org/morgan
139 info trying registry request attempt 1 at 13:43:40
140 verbose etag "1K9YEBUETVSA9LO1JSULWY06A"
141 http GET https://registry.npmjs.org/morgan
142 http 304 https://registry.npmjs.org/express
143 silly registry.get cb [ 304,
143 silly registry.get   { date: 'Tue, 17 Feb 2015 20:43:42 GMT',
143 silly registry.get     server: 'Apache',
143 silly registry.get     via: '1.1 varnish',
143 silly registry.get     'last-modified': 'Tue, 17 Feb 2015 20:43:35 GMT',
143 silly registry.get     'cache-control': 'max-age=60',
143 silly registry.get     etag: '"9HONZ8DWC7905JTAN0YVG0WOZ"',
143 silly registry.get     age: '33',
143 silly registry.get     'x-served-by': 'cache-sjc3121-SJC',
143 silly registry.get     'x-cache': 'HIT',
143 silly registry.get     'x-cache-hits': '2',
143 silly registry.get     'x-timer': 'S1424205822.320523,VS0,VE0',
143 silly registry.get     vary: 'Accept',
143 silly registry.get     'content-length': '0',
143 silly registry.get     'keep-alive': 'timeout=10, max=50',
143 silly registry.get     connection: 'Keep-Alive' } ]
144 verbose etag https://registry.npmjs.org/express from cache
145 http 304 https://registry.npmjs.org/debug
146 silly registry.get cb [ 304,
146 silly registry.get   { date: 'Tue, 17 Feb 2015 20:43:42 GMT',
146 silly registry.get     server: 'Apache',
146 silly registry.get     via: '1.1 varnish',
146 silly registry.get     'last-modified': 'Tue, 17 Feb 2015 20:43:35 GMT',
146 silly registry.get     'cache-control': 'max-age=60',
146 silly registry.get     etag: '"BGMK2CYDPBSZ7I5L7YRPVWF50"',
146 silly registry.get     age: '21',
146 silly registry.get     'x-served-by': 'cache-sjc3127-SJC',
146 silly registry.get     'x-cache': 'HIT',
146 silly registry.get     'x-cache-hits': '2',
146 silly registry.get     'x-timer': 'S1424205822.326118,VS0,VE0',
146 silly registry.get     vary: 'Accept',
146 silly registry.get     'content-length': '0',
146 silly registry.get     'keep-alive': 'timeout=10, max=50',
146 silly registry.get     connection: 'Keep-Alive' } ]
147 verbose etag https://registry.npmjs.org/debug from cache
148 silly addNameRange number 2 { name: 'debug', range: '>=2.1.1-0 <2.2.0-0', hasData: true }
149 silly addNameRange versions [ 'debug',
149 silly addNameRange   [ '0.0.1',
149 silly addNameRange     '0.1.0',
149 silly addNameRange     '0.2.0',
149 silly addNameRange     '0.3.0',
149 silly addNameRange     '0.4.0',
149 silly addNameRange     '0.4.1',
149 silly addNameRange     '0.5.0',
149 silly addNameRange     '0.6.0',
149 silly addNameRange     '0.7.0',
149 silly addNameRange     '0.7.1',
149 silly addNameRange     '0.7.2',
149 silly addNameRange     '0.7.3',
149 silly addNameRange     '0.7.4',
149 silly addNameRange     '0.8.0',
149 silly addNameRange     '0.8.1',
149 silly addNameRange     '1.0.0',
149 silly addNameRange     '1.0.1',
149 silly addNameRange     '1.0.2',
149 silly addNameRange     '1.0.3',
149 silly addNameRange     '1.0.4',
149 silly addNameRange     '2.0.0',
149 silly addNameRange     '2.1.0',
149 silly addNameRange     '2.1.1' ] ]
150 verbose addNamed [ 'debug', '2.1.1' ]
151 verbose addNamed [ '2.1.1', '2.1.1' ]
152 silly lockFile 656b33b7-debug-2-1-1 debug@2.1.1
153 verbose lock debug@2.1.1 /Users/cait/.npm/656b33b7-debug-2-1-1.lock
154 silly lockFile 656b33b7-debug-2-1-1 debug@2.1.1
155 silly lockFile 656b33b7-debug-2-1-1 debug@2.1.1
156 silly lockFile 09d11068-debug-2-1-1 debug@~2.1.1
157 silly lockFile 09d11068-debug-2-1-1 debug@~2.1.1
158 http 200 https://registry.npmjs.org/cookie-parser
159 silly registry.get cb [ 200,
159 silly registry.get   { date: 'Tue, 17 Feb 2015 20:43:42 GMT',
159 silly registry.get     server: 'CouchDB/1.6.1 (Erlang OTP/R14B04)',
159 silly registry.get     etag: '"AMDTUQWL1BO9IZP9KRQ4Z5FUJ"',
159 silly registry.get     'content-type': 'application/json',
159 silly registry.get     'cache-control': 'max-age=60',
159 silly registry.get     'content-length': '15752',
159 silly registry.get     'accept-ranges': 'bytes',
159 silly registry.get     via: '1.1 varnish',
159 silly registry.get     age: '38',
159 silly registry.get     'x-served-by': 'cache-sjc3126-SJC',
159 silly registry.get     'x-cache': 'HIT',
159 silly registry.get     'x-cache-hits': '1',
159 silly registry.get     'x-timer': 'S1424205822.320553,VS0,VE0',
159 silly registry.get     vary: 'Accept',
159 silly registry.get     'keep-alive': 'timeout=10, max=50',
159 silly registry.get     connection: 'Keep-Alive' } ]
160 silly addNameRange number 2 { name: 'cookie-parser',
160 silly addNameRange   range: '>=1.3.3-0 <1.4.0-0',
160 silly addNameRange   hasData: true }
161 silly addNameRange versions [ 'cookie-parser',
161 silly addNameRange   [ '1.0.0',
161 silly addNameRange     '1.0.1',
161 silly addNameRange     '1.1.0',
161 silly addNameRange     '1.2.0',
161 silly addNameRange     '1.3.0',
161 silly addNameRange     '1.3.1',
161 silly addNameRange     '1.3.2',
161 silly addNameRange     '1.3.3',
161 silly addNameRange     '1.3.4' ] ]
162 verbose addNamed [ 'cookie-parser', '1.3.4' ]
163 verbose addNamed [ '1.3.4', '1.3.4' ]
164 silly lockFile db8a9715-cookie-parser-1-3-4 cookie-parser@1.3.4
165 verbose lock cookie-parser@1.3.4 /Users/cait/.npm/db8a9715-cookie-parser-1-3-4.lock
166 silly lockFile 41263ec8-e-parser-cookie-parser-1-3-4-tgz https://registry.npmjs.org/cookie-parser/-/cookie-parser-1.3.4.tgz
167 verbose lock https://registry.npmjs.org/cookie-parser/-/cookie-parser-1.3.4.tgz /Users/cait/.npm/41263ec8-e-parser-cookie-parser-1-3-4-tgz.lock
168 verbose addRemoteTarball [ 'https://registry.npmjs.org/cookie-parser/-/cookie-parser-1.3.4.tgz',
168 verbose addRemoteTarball   '193035a5be97117a21709b3aa737f6132717bda6' ]
169 info retry fetch attempt 1 at 13:43:41
170 verbose fetch to= /var/folders/g2/mpc84z054y1bb4y94vvlrd_m0000gn/T/npm-59936-kc9wWRq_/registry.npmjs.org/cookie-parser/-/cookie-parser-1.3.4.tgz
171 http GET https://registry.npmjs.org/cookie-parser/-/cookie-parser-1.3.4.tgz
172 http 200 https://registry.npmjs.org/serve-favicon
173 silly registry.get cb [ 200,
173 silly registry.get   { date: 'Tue, 17 Feb 2015 20:43:42 GMT',
173 silly registry.get     server: 'CouchDB/1.5.0 (Erlang OTP/R16B03)',
173 silly registry.get     etag: '"CW0HF4VDAMAFGXS5G1JD88SRR"',
173 silly registry.get     'content-type': 'application/json',
173 silly registry.get     'cache-control': 'max-age=60',
173 silly registry.get     'content-length': '20492',
173 silly registry.get     'accept-ranges': 'bytes',
173 silly registry.get     via: '1.1 varnish',
173 silly registry.get     age: '38',
173 silly registry.get     'x-served-by': 'cache-sjc3131-SJC',
173 silly registry.get     'x-cache': 'HIT',
173 silly registry.get     'x-cache-hits': '3',
173 silly registry.get     'x-timer': 'S1424205822.324184,VS0,VE0',
173 silly registry.get     vary: 'Accept',
173 silly registry.get     'keep-alive': 'timeout=10, max=50',
173 silly registry.get     connection: 'Keep-Alive' } ]
174 http 304 https://registry.npmjs.org/jade
175 silly registry.get cb [ 304,
175 silly registry.get   { date: 'Tue, 17 Feb 2015 20:43:42 GMT',
175 silly registry.get     server: 'Apache',
175 silly registry.get     via: '1.1 varnish',
175 silly registry.get     'last-modified': 'Tue, 17 Feb 2015 20:43:42 GMT',
175 silly registry.get     'cache-control': 'max-age=60',
175 silly registry.get     etag: '"3SZ5YK7HMV453UVD29XGLJT6Z"',
175 silly registry.get     age: '24',
175 silly registry.get     'x-served-by': 'cache-sjc3121-SJC',
175 silly registry.get     'x-cache': 'HIT',
175 silly registry.get     'x-cache-hits': '1',
175 silly registry.get     'x-timer': 'S1424205822.379284,VS0,VE0',
175 silly registry.get     vary: 'Accept',
175 silly registry.get     'content-length': '0',
175 silly registry.get     'keep-alive': 'timeout=10, max=49',
175 silly registry.get     connection: 'Keep-Alive' } ]
176 verbose etag https://registry.npmjs.org/jade from cache
177 silly addNameRange number 2 { name: 'serve-favicon',
177 silly addNameRange   range: '>=2.2.0-0 <2.3.0-0',
177 silly addNameRange   hasData: true }
178 silly addNameRange versions [ 'serve-favicon',
178 silly addNameRange   [ '2.0.0',
178 silly addNameRange     '2.0.1',
178 silly addNameRange     '2.1.0',
178 silly addNameRange     '2.1.1',
178 silly addNameRange     '2.1.2',
178 silly addNameRange     '2.1.3',
178 silly addNameRange     '2.1.4',
178 silly addNameRange     '2.1.5',
178 silly addNameRange     '2.1.6',
178 silly addNameRange     '2.1.7',
178 silly addNameRange     '2.2.0' ] ]
179 verbose addNamed [ 'serve-favicon', '2.2.0' ]
180 verbose addNamed [ '2.2.0', '2.2.0' ]
181 silly lockFile cef81d7c-serve-favicon-2-2-0 serve-favicon@2.2.0
182 verbose lock serve-favicon@2.2.0 /Users/cait/.npm/cef81d7c-serve-favicon-2-2-0.lock
183 silly lockFile cf44cf19--favicon-serve-favicon-2-2-0-tgz https://registry.npmjs.org/serve-favicon/-/serve-favicon-2.2.0.tgz
184 verbose lock https://registry.npmjs.org/serve-favicon/-/serve-favicon-2.2.0.tgz /Users/cait/.npm/cf44cf19--favicon-serve-favicon-2-2-0-tgz.lock
185 verbose addRemoteTarball [ 'https://registry.npmjs.org/serve-favicon/-/serve-favicon-2.2.0.tgz',
185 verbose addRemoteTarball   'a0c25ee8a652e1a638a67db46269cd52a8705858' ]
186 info retry fetch attempt 1 at 13:43:41
187 verbose fetch to= /var/folders/g2/mpc84z054y1bb4y94vvlrd_m0000gn/T/npm-59936-kc9wWRq_/registry.npmjs.org/serve-favicon/-/serve-favicon-2.2.0.tgz
188 http GET https://registry.npmjs.org/serve-favicon/-/serve-favicon-2.2.0.tgz
189 http 304 https://registry.npmjs.org/morgan
190 silly registry.get cb [ 304,
190 silly registry.get   { date: 'Tue, 17 Feb 2015 20:43:42 GMT',
190 silly registry.get     server: 'Apache',
190 silly registry.get     via: '1.1 varnish',
190 silly registry.get     'last-modified': 'Tue, 17 Feb 2015 20:43:42 GMT',
190 silly registry.get     'cache-control': 'max-age=60',
190 silly registry.get     etag: '"1K9YEBUETVSA9LO1JSULWY06A"',
190 silly registry.get     age: '38',
190 silly registry.get     'x-served-by': 'cache-sjc3127-SJC',
190 silly registry.get     'x-cache': 'HIT',
190 silly registry.get     'x-cache-hits': '1',
190 silly registry.get     'x-timer': 'S1424205822.392892,VS0,VE0',
190 silly registry.get     vary: 'Accept',
190 silly registry.get     'content-length': '0',
190 silly registry.get     'keep-alive': 'timeout=10, max=49',
190 silly registry.get     connection: 'Keep-Alive' } ]
191 verbose etag https://registry.npmjs.org/morgan from cache
192 silly addNameRange number 2 { name: 'morgan', range: '>=1.5.1-0 <1.6.0-0', hasData: true }
193 silly addNameRange versions [ 'morgan',
193 silly addNameRange   [ '1.0.0',
193 silly addNameRange     '1.0.1',
193 silly addNameRange     '1.1.0',
193 silly addNameRange     '1.1.1',
193 silly addNameRange     '1.2.0',
193 silly addNameRange     '1.2.1',
193 silly addNameRange     '1.2.2',
193 silly addNameRange     '1.2.3',
193 silly addNameRange     '1.3.0',
193 silly addNameRange     '1.3.1',
193 silly addNameRange     '1.3.2',
193 silly addNameRange     '1.4.0',
193 silly addNameRange     '1.4.1',
193 silly addNameRange     '1.5.0',
193 silly addNameRange     '1.5.1' ] ]
194 verbose addNamed [ 'morgan', '1.5.1' ]
195 verbose addNamed [ '1.5.1', '1.5.1' ]
196 silly lockFile 7ab299d0-morgan-1-5-1 morgan@1.5.1
197 verbose lock morgan@1.5.1 /Users/cait/.npm/7ab299d0-morgan-1-5-1.lock
198 silly lockFile 989d1ba9-pmjs-org-morgan-morgan-1-5-1-tgz https://registry.npmjs.org/morgan/-/morgan-1.5.1.tgz
199 verbose lock https://registry.npmjs.org/morgan/-/morgan-1.5.1.tgz /Users/cait/.npm/989d1ba9-pmjs-org-morgan-morgan-1-5-1-tgz.lock
200 verbose addRemoteTarball [ 'https://registry.npmjs.org/morgan/-/morgan-1.5.1.tgz',
200 verbose addRemoteTarball   'a9688eed9187ab648d816fc09c696fae882e16f6' ]
201 info retry fetch attempt 1 at 13:43:41
202 verbose fetch to= /var/folders/g2/mpc84z054y1bb4y94vvlrd_m0000gn/T/npm-59936-kc9wWRq_/registry.npmjs.org/morgan/-/morgan-1.5.1.tgz
203 http GET https://registry.npmjs.org/morgan/-/morgan-1.5.1.tgz
204 silly addNameRange number 2 { name: 'jade', range: '>=1.9.1-0 <1.10.0-0', hasData: true }
205 silly addNameRange versions [ 'jade',
205 silly addNameRange   [ '0.0.1',
205 silly addNameRange     '0.0.2',
205 silly addNameRange     '0.1.0',
205 silly addNameRange     '0.2.0',
205 silly addNameRange     '0.2.1',
205 silly addNameRange     '0.2.2',
205 silly addNameRange     '0.2.3',
205 silly addNameRange     '0.2.4',
205 silly addNameRange     '0.3.0',
205 silly addNameRange     '0.4.0',
205 silly addNameRange     '0.4.1',
205 silly addNameRange     '0.5.0',
205 silly addNameRange     '0.5.1',
205 silly addNameRange     '0.5.2',
205 silly addNameRange     '0.5.3',
205 silly addNameRange     '0.5.4',
205 silly addNameRange     '0.5.5',
205 silly addNameRange     '0.5.6',
205 silly addNameRange     '0.5.7',
205 silly addNameRange     '0.6.0',
205 silly addNameRange     '0.6.1',
205 silly addNameRange     '0.6.3',
205 silly addNameRange     '0.7.0',
205 silly addNameRange     '0.7.1',
205 silly addNameRange     '0.8.0',
205 silly addNameRange     '0.8.1',
205 silly addNameRange     '0.8.2',
205 silly addNameRange     '0.8.3',
205 silly addNameRange     '0.8.4',
205 silly addNameRange     '0.8.5',
205 silly addNameRange     '0.8.6',
205 silly addNameRange     '0.8.7',
205 silly addNameRange     '0.8.8',
205 silly addNameRange     '0.8.9',
205 silly addNameRange     '0.9.0',
205 silly addNameRange     '0.9.1',
205 silly addNameRange     '0.9.2',
205 silly addNameRange     '0.9.3',
205 silly addNameRange     '0.10.0',
205 silly addNameRange     '0.10.1',
205 silly addNameRange     '0.10.2',
205 silly addNameRange     '0.10.3',
205 silly addNameRange     '0.10.4',
205 silly addNameRange     '0.10.5',
205 silly addNameRange     '0.10.6',
205 silly addNameRange     '0.10.7',
205 silly addNameRange     '0.11.0',
205 silly addNameRange     '0.11.1',
205 silly addNameRange     '0.12.0',
205 silly addNameRange     '0.12.1',
205 silly addNameRange     '0.12.2',
205 silly addNameRange     '0.12.3',
205 silly addNameRange     '0.12.4',
205 silly addNameRange     '0.13.0',
205 silly addNameRange     '0.14.0',
205 silly addNameRange     '0.14.1',
205 silly addNameRange     '0.14.2',
205 silly addNameRange     '0.15.0',
205 silly addNameRange     '0.15.1',
205 silly addNameRange     '0.15.2',
205 silly addNameRange     '0.15.3',
205 silly addNameRange     '0.15.4',
205 silly addNameRange     '0.16.0',
205 silly addNameRange     '0.16.1',
205 silly addNameRange     '0.16.2',
205 silly addNameRange     '0.16.3',
205 silly addNameRange     '0.16.4',
205 silly addNameRange     '0.17.0',
205 silly addNameRange     '0.18.0',
205 silly addNameRange     '0.19.0',
205 silly addNameRange     '0.20.0',
205 silly addNameRange     '0.20.1',
205 silly addNameRange     '0.20.2',
205 silly addNameRange     '0.20.3',
205 silly addNameRange     '0.21.0',
205 silly addNameRange     '0.22.0',
205 silly addNameRange     '0.22.1',
205 silly addNameRange     '0.23.0',
205 silly addNameRange     '0.24.0',
205 silly addNameRange     '0.25.0',
205 silly addNameRange     '0.26.0',
205 silly addNameRange     '0.26.1',
205 silly addNameRange     '0.26.2',
205 silly addNameRange     '0.26.3',
205 silly addNameRange     '0.27.0',
205 silly addNameRange     '0.27.1',
205 silly addNameRange     '0.27.2',
205 silly addNameRange     '0.27.3',
205 silly addNameRange     '0.27.4',
205 silly addNameRange     '0.27.5',
205 silly addNameRange     '0.27.6',
205 silly addNameRange     '0.27.7',
205 silly addNameRange     '0.28.0',
205 silly addNameRange     '0.28.1',
205 silly addNameRange     '0.28.2',
205 silly addNameRange     '0.29.0',
205 silly addNameRange     '0.30.0',
205 silly addNameRange     '0.31.0',
205 silly addNameRange     '0.31.1',
205 silly addNameRange     '0.31.2',
205 silly addNameRange     '0.32.0',
205 silly addNameRange     '0.33.0',
205 silly addNameRange     '0.34.0',
205 silly addNameRange     '0.34.1',
205 silly addNameRange     '0.35.0',
205 silly addNameRange     '1.0.0',
205 silly addNameRange     '1.0.1',
205 silly addNameRange     '1.0.2',
205 silly addNameRange     '1.1.0',
205 silly addNameRange     '1.1.1',
205 silly addNameRange     '1.1.2',
205 silly addNameRange     '1.1.3',
205 silly addNameRange     '1.1.4',
205 silly addNameRange     '1.1.5',
205 silly addNameRange     '1.2.0',
205 silly addNameRange     '1.3.0',
205 silly addNameRange     '1.3.1',
205 silly addNameRange     '1.4.0',
205 silly addNameRange     '1.4.1',
205 silly addNameRange     '1.4.2',
205 silly addNameRange     '1.5.0',
205 silly addNameRange     '1.6.0',
205 silly addNameRange     '1.7.0',
205 silly addNameRange     '1.8.0',
205 silly addNameRange     '1.8.1',
205 silly addNameRange     '1.8.2',
205 silly addNameRange     '1.9.0',
205 silly addNameRange     '1.9.1',
205 silly addNameRange     '1.9.2' ] ]
206 verbose addNamed [ 'jade', '1.9.2' ]
207 verbose addNamed [ '1.9.2', '1.9.2' ]
208 silly lockFile 20e0e06b-jade-1-9-2 jade@1.9.2
209 verbose lock jade@1.9.2 /Users/cait/.npm/20e0e06b-jade-1-9-2.lock
210 silly lockFile 20e0e06b-jade-1-9-2 jade@1.9.2
211 silly lockFile 20e0e06b-jade-1-9-2 jade@1.9.2
212 silly lockFile 73eba92c-jade-1-9-1 jade@~1.9.1
213 silly lockFile 73eba92c-jade-1-9-1 jade@~1.9.1
214 silly addNameRange number 2 { name: 'express', range: '>=4.11.1-0 <4.12.0-0', hasData: true }
215 silly addNameRange versions [ 'express',
215 silly addNameRange   [ '0.14.0',
215 silly addNameRange     '0.14.1',
215 silly addNameRange     '1.0.0',
215 silly addNameRange     '1.0.1',
215 silly addNameRange     '1.0.2',
215 silly addNameRange     '1.0.3',
215 silly addNameRange     '1.0.4',
215 silly addNameRange     '1.0.5',
215 silly addNameRange     '1.0.6',
215 silly addNameRange     '1.0.7',
215 silly addNameRange     '1.0.8',
215 silly addNameRange     '2.0.0',
215 silly addNameRange     '2.1.0',
215 silly addNameRange     '2.1.1',
215 silly addNameRange     '2.2.0',
215 silly addNameRange     '2.2.1',
215 silly addNameRange     '2.2.2',
215 silly addNameRange     '2.3.0',
215 silly addNameRange     '2.3.1',
215 silly addNameRange     '2.3.2',
215 silly addNameRange     '2.3.3',
215 silly addNameRange     '2.3.4',
215 silly addNameRange     '2.3.5',
215 silly addNameRange     '2.3.6',
215 silly addNameRange     '2.3.7',
215 silly addNameRange     '2.3.8',
215 silly addNameRange     '2.3.9',
215 silly addNameRange     '2.3.10',
215 silly addNameRange     '2.3.11',
215 silly addNameRange     '2.3.12',
215 silly addNameRange     '2.4.0',
215 silly addNameRange     '2.4.1',
215 silly addNameRange     '2.4.2',
215 silly addNameRange     '2.4.3',
215 silly addNameRange     '2.4.4',
215 silly addNameRange     '2.4.5',
215 silly addNameRange     '2.4.6',
215 silly addNameRange     '2.4.7',
215 silly addNameRange     '2.5.0',
215 silly addNameRange     '2.5.1',
215 silly addNameRange     '2.5.2',
215 silly addNameRange     '2.5.3',
215 silly addNameRange     '2.5.4',
215 silly addNameRange     '2.5.5',
215 silly addNameRange     '2.5.6',
215 silly addNameRange     '2.5.7',
215 silly addNameRange     '2.5.8',
215 silly addNameRange     '2.5.9',
215 silly addNameRange     '2.5.10',
215 silly addNameRange     '2.5.11',
215 silly addNameRange     '3.0.0',
215 silly addNameRange     '3.0.1',
215 silly addNameRange     '3.0.2',
215 silly addNameRange     '3.0.3',
215 silly addNameRange     '3.0.4',
215 silly addNameRange     '3.0.5',
215 silly addNameRange     '3.0.6',
215 silly addNameRange     '3.1.0',
215 silly addNameRange     '3.1.1',
215 silly addNameRange     '3.1.2',
215 silly addNameRange     '3.2.0',
215 silly addNameRange     '3.2.1',
215 silly addNameRange     '3.2.2',
215 silly addNameRange     '3.2.3',
215 silly addNameRange     '3.2.4',
215 silly addNameRange     '3.2.5',
215 silly addNameRange     '3.2.6',
215 silly addNameRange     '3.3.0',
215 silly addNameRange     '3.3.1',
215 silly addNameRange     '3.3.2',
215 silly addNameRange     '3.3.3',
215 silly addNameRange     '3.3.4',
215 silly addNameRange     '3.3.5',
215 silly addNameRange     '3.3.6',
215 silly addNameRange     '1.0.0-beta',
215 silly addNameRange     '1.0.0-beta2',
215 silly addNameRange     '1.0.0-rc',
215 silly addNameRange     '1.0.0-rc2',
215 silly addNameRange     '1.0.0-rc3',
215 silly addNameRange     '1.0.0-rc4',
215 silly addNameRange     '2.0.0-beta',
215 silly addNameRange     '2.0.0-beta2',
215 silly addNameRange     '2.0.0-beta3',
215 silly addNameRange     '2.0.0-rc',
215 silly addNameRange     '2.0.0-rc2',
215 silly addNameRange     '2.0.0-rc3',
215 silly addNameRange     '3.0.0-alpha1',
215 silly addNameRange     '3.0.0-alpha2',
215 silly addNameRange     '3.0.0-alpha3',
215 silly addNameRange     '3.0.0-alpha4',
215 silly addNameRange     '3.0.0-alpha5',
215 silly addNameRange     '3.0.0-beta1',
215 silly addNameRange     '3.0.0-beta2',
215 silly addNameRange     '3.0.0-beta3',
215 silly addNameRange     '3.0.0-beta4',
215 silly addNameRange     '3.0.0-beta6',
215 silly addNameRange     '3.0.0-beta7',
215 silly addNameRange     '3.0.0-rc1',
215 silly addNameRange     '3.0.0-rc2',
215 silly addNameRange     '3.0.0-rc3',
215 silly addNameRange     '3.0.0-rc4',
215 silly addNameRange     '3.0.0-rc5',
215 silly addNameRange     '3.3.7',
215 silly addNameRange     '3.3.8',
215 silly addNameRange     '3.4.0',
215 silly addNameRange     '3.4.1',
215 silly addNameRange     '3.4.2',
215 silly addNameRange     '3.4.3',
215 silly addNameRange     '3.4.4',
215 silly addNameRange     '3.4.5',
215 silly addNameRange     '3.4.6',
215 silly addNameRange     '3.4.7',
215 silly addNameRange     '3.4.8',
215 silly addNameRange     '4.0.0-rc1',
215 silly addNameRange     '4.0.0-rc2',
215 silly addNameRange     '3.5.0',
215 silly addNameRange     '4.0.0-rc3',
215 silly addNameRange     '4.0.0-rc4',
215 silly addNameRange     '3.5.1',
215 silly addNameRange     '4.0.0',
215 silly addNameRange     '3.5.2',
215 silly addNameRange     '4.1.0',
215 silly addNameRange     '4.1.1',
215 silly addNameRange     '3.5.3',
215 silly addNameRange     '4.1.2',
215 silly addNameRange     '3.6.0',
215 silly addNameRange     '4.2.0',
215 silly addNameRange     '3.7.0',
215 silly addNameRange     '3.8.0',
215 silly addNameRange     '4.3.0',
215 silly addNameRange     '4.3.1',
215 silly addNameRange     '3.8.1',
215 silly addNameRange     '4.3.2',
215 silly addNameRange     '3.9.0',
215 silly addNameRange     '4.4.0',
215 silly addNameRange     '4.4.1',
215 silly addNameRange     '3.10.0',
215 silly addNameRange     '3.10.1',
215 silly addNameRange     '3.10.2',
215 silly addNameRange     '3.10.3',
215 silly addNameRange     '3.10.4',
215 silly addNameRange     '4.4.2',
215 silly addNameRange     '3.10.5',
215 silly addNameRange     '4.4.3',
215 silly addNameRange     '3.11.0',
215 silly addNameRange     '4.4.4',
215 silly addNameRange     '3.12.0',
215 silly addNameRange     '3.12.1',
215 silly addNameRange     '4.4.5',
215 silly addNameRange     '3.13.0',
215 silly addNameRange     '4.5.0',
215 silly addNameRange     '4.5.1',
215 silly addNameRange     '3.14.0',
215 silly addNameRange     '4.6.0',
215 silly addNameRange     '4.6.1',
215 silly addNameRange     '3.15.0',
215 silly addNameRange     '4.7.0',
215 silly addNameRange     '3.15.1',
215 silly addNameRange     '4.7.1',
215 silly addNameRange     '3.15.2',
215 silly addNameRange     '4.7.2',
215 silly addNameRange     '4.7.3',
215 silly addNameRange     '3.15.3',
215 silly addNameRange     '4.7.4',
215 silly addNameRange     '3.16.0',
215 silly addNameRange     '4.8.0',
215 silly addNameRange     '3.16.1',
215 silly addNameRange     '4.8.1',
215 silly addNameRange     '3.16.2',
215 silly addNameRange     '4.8.2',
215 silly addNameRange     '3.16.3',
215 silly addNameRange     '3.16.4',
215 silly addNameRange     '4.8.3',
215 silly addNameRange     '3.16.5',
215 silly addNameRange     '3.16.6',
215 silly addNameRange     '4.8.4',
215 silly addNameRange     '3.16.7',
215 silly addNameRange     '4.8.5',
215 silly addNameRange     '3.16.8',
215 silly addNameRange     '4.8.6',
215 silly addNameRange     '3.16.9',
215 silly addNameRange     '4.8.7',
215 silly addNameRange     '3.16.10',
215 silly addNameRange     '4.8.8',
215 silly addNameRange     '3.17.0',
215 silly addNameRange     '3.17.1',
215 silly addNameRange     '4.9.0',
215 silly addNameRange     '3.17.2',
215 silly addNameRange     '4.9.1',
215 silly addNameRange     '4.9.2',
215 silly addNameRange     '3.17.3',
215 silly addNameRange     '4.9.3',
215 silly addNameRange     '3.17.4',
215 silly addNameRange     '4.9.4',
215 silly addNameRange     '3.17.5',
215 silly addNameRange     '4.9.5',
215 silly addNameRange     '3.17.6',
215 silly addNameRange     '3.17.7',
215 silly addNameRange     '4.9.6',
215 silly addNameRange     '4.9.7',
215 silly addNameRange     '3.17.8',
215 silly addNameRange     '4.9.8',
215 silly addNameRange     '3.18.0',
215 silly addNameRange     '3.18.1',
215 silly addNameRange     '4.10.0',
215 silly addNameRange     '3.18.2',
215 silly addNameRange     '4.10.1',
215 silly addNameRange     '5.0.0-alpha.1',
215 silly addNameRange     '3.18.3',
215 silly addNameRange     '4.10.2',
215 silly addNameRange     '3.18.4',
215 silly addNameRange     '4.10.3',
215 silly addNameRange     '4.10.4',
215 silly addNameRange     '4.10.5',
215 silly addNameRange     '3.18.5',
215 silly addNameRange     '3.18.6',
215 silly addNameRange     '4.10.6',
215 silly addNameRange     '4.10.7',
215 silly addNameRange     '3.19.0',
215 silly addNameRange     '4.10.8',
215 silly addNameRange     '4.11.0',
215 silly addNameRange     '3.19.1',
215 silly addNameRange     '4.11.1',
215 silly addNameRange     '3.19.2',
215 silly addNameRange     '4.11.2' ] ]
216 verbose addNamed [ 'express', '4.11.2' ]
217 verbose addNamed [ '4.11.2', '4.11.2' ]
218 silly lockFile 69e74cc8-express-4-11-2 express@4.11.2
219 verbose lock express@4.11.2 /Users/cait/.npm/69e74cc8-express-4-11-2.lock
220 silly lockFile 69e74cc8-express-4-11-2 express@4.11.2
221 silly lockFile 69e74cc8-express-4-11-2 express@4.11.2
222 silly lockFile 494d735c-express-4-11-1 express@~4.11.1
223 silly lockFile 494d735c-express-4-11-1 express@~4.11.1
224 http 200 https://registry.npmjs.org/cookie-parser/-/cookie-parser-1.3.4.tgz
225 silly lockFile 41263ec8-e-parser-cookie-parser-1-3-4-tgz https://registry.npmjs.org/cookie-parser/-/cookie-parser-1.3.4.tgz
226 silly lockFile 41263ec8-e-parser-cookie-parser-1-3-4-tgz https://registry.npmjs.org/cookie-parser/-/cookie-parser-1.3.4.tgz
227 silly lockFile db8a9715-cookie-parser-1-3-4 cookie-parser@1.3.4
228 silly lockFile db8a9715-cookie-parser-1-3-4 cookie-parser@1.3.4
229 silly lockFile bf5babd8-cookie-parser-1-3-3 cookie-parser@~1.3.3
230 silly lockFile bf5babd8-cookie-parser-1-3-3 cookie-parser@~1.3.3
231 http 200 https://registry.npmjs.org/serve-favicon/-/serve-favicon-2.2.0.tgz
232 silly lockFile cf44cf19--favicon-serve-favicon-2-2-0-tgz https://registry.npmjs.org/serve-favicon/-/serve-favicon-2.2.0.tgz
233 silly lockFile cf44cf19--favicon-serve-favicon-2-2-0-tgz https://registry.npmjs.org/serve-favicon/-/serve-favicon-2.2.0.tgz
234 silly lockFile cef81d7c-serve-favicon-2-2-0 serve-favicon@2.2.0
235 silly lockFile cef81d7c-serve-favicon-2-2-0 serve-favicon@2.2.0
236 silly lockFile 9df5bad7-serve-favicon-2-2-0 serve-favicon@~2.2.0
237 silly lockFile 9df5bad7-serve-favicon-2-2-0 serve-favicon@~2.2.0
238 http 200 https://registry.npmjs.org/morgan/-/morgan-1.5.1.tgz
239 silly lockFile 989d1ba9-pmjs-org-morgan-morgan-1-5-1-tgz https://registry.npmjs.org/morgan/-/morgan-1.5.1.tgz
240 silly lockFile 989d1ba9-pmjs-org-morgan-morgan-1-5-1-tgz https://registry.npmjs.org/morgan/-/morgan-1.5.1.tgz
241 silly lockFile 7ab299d0-morgan-1-5-1 morgan@1.5.1
242 silly lockFile 7ab299d0-morgan-1-5-1 morgan@1.5.1
243 silly lockFile 66ba047d-morgan-1-5-1 morgan@~1.5.1
244 silly lockFile 66ba047d-morgan-1-5-1 morgan@~1.5.1
245 http 200 https://registry.npmjs.org/body-parser
246 silly registry.get cb [ 200,
246 silly registry.get   { date: 'Tue, 17 Feb 2015 20:43:42 GMT',
246 silly registry.get     server: 'CouchDB/1.5.0 (Erlang OTP/R16B03)',
246 silly registry.get     etag: '"1VW86JUBFCTE418FHF30UW3MX"',
246 silly registry.get     'content-type': 'application/json',
246 silly registry.get     'cache-control': 'max-age=60',
246 silly registry.get     'content-length': '87796',
246 silly registry.get     'accept-ranges': 'bytes',
246 silly registry.get     via: '1.1 varnish',
246 silly registry.get     age: '41',
246 silly registry.get     'x-served-by': 'cache-sjc3129-SJC',
246 silly registry.get     'x-cache': 'HIT',
246 silly registry.get     'x-cache-hits': '2',
246 silly registry.get     'x-timer': 'S1424205822.315080,VS0,VE0',
246 silly registry.get     vary: 'Accept',
246 silly registry.get     'keep-alive': 'timeout=10, max=50',
246 silly registry.get     connection: 'Keep-Alive' } ]
247 silly addNameRange number 2 { name: 'body-parser',
247 silly addNameRange   range: '>=1.10.2-0 <1.11.0-0',
247 silly addNameRange   hasData: true }
248 silly addNameRange versions [ 'body-parser',
248 silly addNameRange   [ '1.0.0',
248 silly addNameRange     '1.0.1',
248 silly addNameRange     '1.0.2',
248 silly addNameRange     '1.1.0',
248 silly addNameRange     '1.1.1',
248 silly addNameRange     '1.1.2',
248 silly addNameRange     '1.2.0',
248 silly addNameRange     '1.2.1',
248 silly addNameRange     '1.2.2',
248 silly addNameRange     '1.3.0',
248 silly addNameRange     '1.3.1',
248 silly addNameRange     '1.4.0',
248 silly addNameRange     '1.4.1',
248 silly addNameRange     '1.4.2',
248 silly addNameRange     '1.4.3',
248 silly addNameRange     '1.5.0',
248 silly addNameRange     '1.5.1',
248 silly addNameRange     '1.5.2',
248 silly addNameRange     '1.6.0',
248 silly addNameRange     '1.6.1',
248 silly addNameRange     '1.6.2',
248 silly addNameRange     '1.6.3',
248 silly addNameRange     '1.6.4',
248 silly addNameRange     '1.6.5',
248 silly addNameRange     '1.6.6',
248 silly addNameRange     '1.6.7',
248 silly addNameRange     '1.7.0',
248 silly addNameRange     '1.8.0',
248 silly addNameRange     '1.8.1',
248 silly addNameRange     '1.8.2',
248 silly addNameRange     '1.8.3',
248 silly addNameRange     '1.8.4',
248 silly addNameRange     '1.9.0',
248 silly addNameRange     '1.9.1',
248 silly addNameRange     '1.9.2',
248 silly addNameRange     '1.9.3',
248 silly addNameRange     '1.10.0',
248 silly addNameRange     '1.10.1',
248 silly addNameRange     '1.10.2',
248 silly addNameRange     '1.11.0',
248 silly addNameRange     '1.12.0' ] ]
249 verbose addNamed [ 'body-parser', '1.10.2' ]
250 verbose addNamed [ '1.10.2', '1.10.2' ]
251 silly lockFile 6255e82a-body-parser-1-10-2 body-parser@1.10.2
252 verbose lock body-parser@1.10.2 /Users/cait/.npm/6255e82a-body-parser-1-10-2.lock
253 silly lockFile 6255e82a-body-parser-1-10-2 body-parser@1.10.2
254 silly lockFile 6255e82a-body-parser-1-10-2 body-parser@1.10.2
255 silly lockFile 72eb9479-body-parser-1-10-2 body-parser@~1.10.2
256 silly lockFile 72eb9479-body-parser-1-10-2 body-parser@~1.10.2
257 error Error: EACCES, mkdir '/Users/cait/.npm/cookie-parser/1.3.4'
257 error  { [Error: EACCES, mkdir '/Users/cait/.npm/cookie-parser/1.3.4']
257 error   errno: 3,
257 error   code: 'EACCES',
257 error   path: '/Users/cait/.npm/cookie-parser/1.3.4',
257 error   parent: 'EmployerTestApp' }
258 error Please try running this command again as root/Administrator.
259 error System Darwin 14.0.0
260 error command "node" "/usr/local/bin/npm" "install"
261 error cwd /Users/cait/Documents/UVU Spring 2015/RIA2/Node Assignment/EmployerTestApp
262 error node -v v0.10.35
263 error npm -v 1.4.28
264 error path /Users/cait/.npm/cookie-parser/1.3.4
265 error code EACCES
266 error errno 3
267 error stack Error: EACCES, mkdir '/Users/cait/.npm/cookie-parser/1.3.4'
268 verbose exit [ 3, true ]
